==9607== Memcheck, a memory error detector
==9607== Copyright (C) 2002-2009, and GNU GPL'd, by Julian Seward et al.
==9607== Using Valgrind-3.5.0 and LibVEX; rerun with -h for copyright info
==9607== Command: ./bas.fcgi op=bbs&keywords=城市猎人
==9607== Parent PID: 9606
==9607== 
==9607== Invalid read of size 1
==9607==    at 0x3B248374A3: ____strtol_l_internal (in /lib64/libc-2.12.so)
==9607==    by 0xA49F82E: formatTime (eggIndexSearcherLocal.c:265)
==9607==    by 0xA49FA26: eggIndexSearcher_filter_local (eggIndexSearcherLocal.c:307)
==9607==    by 0xA49ECF5: eggIndexSearcher_filter (eggIndexSearcher.c:32)
==9607==    by 0x403394: get_colloector (getCollector.c:74)
==9607==    by 0x402200: get_strings (inputsDeal.c:148)
==9607==    by 0x401DA2: main (main.c:53)
==9607==  Address 0x1c35cbfa is 0 bytes after a block of size 10 alloc'd
==9607==    at 0x4A0515D: malloc (vg_replace_malloc.c:195)
==9607==    by 0xA494D71: eggQuery_initExp_internal (eggQuery.c:996)
==9607==    by 0xA4950B9: eggQuery_initExp (eggQuery.c:1043)
==9607==    by 0xA49FA03: eggIndexSearcher_filter_local (eggIndexSearcherLocal.c:300)
==9607==    by 0xA49ECF5: eggIndexSearcher_filter (eggIndexSearcher.c:32)
==9607==    by 0x403394: get_colloector (getCollector.c:74)
==9607==    by 0x402200: get_strings (inputsDeal.c:148)
==9607==    by 0x401DA2: main (main.c:53)
==9607== 
==9607== Invalid read of size 1
==9607==    at 0xA49F844: formatTime (eggIndexSearcherLocal.c:266)
==9607==    by 0xA49FA26: eggIndexSearcher_filter_local (eggIndexSearcherLocal.c:307)
==9607==    by 0xA49ECF5: eggIndexSearcher_filter (eggIndexSearcher.c:32)
==9607==    by 0x403394: get_colloector (getCollector.c:74)
==9607==    by 0x402200: get_strings (inputsDeal.c:148)
==9607==    by 0x401DA2: main (main.c:53)
==9607==  Address 0x1c35cbfa is 0 bytes after a block of size 10 alloc'd
==9607==    at 0x4A0515D: malloc (vg_replace_malloc.c:195)
==9607==    by 0xA494D71: eggQuery_initExp_internal (eggQuery.c:996)
==9607==    by 0xA4950B9: eggQuery_initExp (eggQuery.c:1043)
==9607==    by 0xA49FA03: eggIndexSearcher_filter_local (eggIndexSearcherLocal.c:300)
==9607==    by 0xA49ECF5: eggIndexSearcher_filter (eggIndexSearcher.c:32)
==9607==    by 0x403394: get_colloector (getCollector.c:74)
==9607==    by 0x402200: get_strings (inputsDeal.c:148)
==9607==    by 0x401DA2: main (main.c:53)
==9607== 
==9607== Invalid read of size 1
==9607==    at 0xA49F857: formatTime (eggIndexSearcherLocal.c:266)
==9607==    by 0xA49FA26: eggIndexSearcher_filter_local (eggIndexSearcherLocal.c:307)
==9607==    by 0xA49ECF5: eggIndexSearcher_filter (eggIndexSearcher.c:32)
==9607==    by 0x403394: get_colloector (getCollector.c:74)
==9607==    by 0x402200: get_strings (inputsDeal.c:148)
==9607==    by 0x401DA2: main (main.c:53)
==9607==  Address 0x1c35cbfa is 0 bytes after a block of size 10 alloc'd
==9607==    at 0x4A0515D: malloc (vg_replace_malloc.c:195)
==9607==    by 0xA494D71: eggQuery_initExp_internal (eggQuery.c:996)
==9607==    by 0xA4950B9: eggQuery_initExp (eggQuery.c:1043)
==9607==    by 0xA49FA03: eggIndexSearcher_filter_local (eggIndexSearcherLocal.c:300)
==9607==    by 0xA49ECF5: eggIndexSearcher_filter (eggIndexSearcher.c:32)
==9607==    by 0x403394: get_colloector (getCollector.c:74)
==9607==    by 0x402200: get_strings (inputsDeal.c:148)
==9607==    by 0x401DA2: main (main.c:53)
==9607== 
==9607== Invalid read of size 1
==9607==    at 0x3B24837362: ____strtol_l_internal (in /lib64/libc-2.12.so)
==9607==    by 0xA49F88B: formatTime (eggIndexSearcherLocal.c:270)
==9607==    by 0xA49FA26: eggIndexSearcher_filter_local (eggIndexSearcherLocal.c:307)
==9607==    by 0xA49ECF5: eggIndexSearcher_filter (eggIndexSearcher.c:32)
==9607==    by 0x403394: get_colloector (getCollector.c:74)
==9607==    by 0x402200: get_strings (inputsDeal.c:148)
==9607==    by 0x401DA2: main (main.c:53)
==9607==  Address 0x1c35cbfb is 1 bytes after a block of size 10 alloc'd
==9607==    at 0x4A0515D: malloc (vg_replace_malloc.c:195)
==9607==    by 0xA494D71: eggQuery_initExp_internal (eggQuery.c:996)
==9607==    by 0xA4950B9: eggQuery_initExp (eggQuery.c:1043)
==9607==    by 0xA49FA03: eggIndexSearcher_filter_local (eggIndexSearcherLocal.c:300)
==9607==    by 0xA49ECF5: eggIndexSearcher_filter (eggIndexSearcher.c:32)
==9607==    by 0x403394: get_colloector (getCollector.c:74)
==9607==    by 0x402200: get_strings (inputsDeal.c:148)
==9607==    by 0x401DA2: main (main.c:53)
==9607== 
==9607== Invalid read of size 1
==9607==    at 0xA49F8A1: formatTime (eggIndexSearcherLocal.c:271)
==9607==    by 0xA49FA26: eggIndexSearcher_filter_local (eggIndexSearcherLocal.c:307)
==9607==    by 0xA49ECF5: eggIndexSearcher_filter (eggIndexSearcher.c:32)
==9607==    by 0x403394: get_colloector (getCollector.c:74)
==9607==    by 0x402200: get_strings (inputsDeal.c:148)
==9607==    by 0x401DA2: main (main.c:53)
==9607==  Address 0x1c35cbfb is 1 bytes after a block of size 10 alloc'd
==9607==    at 0x4A0515D: malloc (vg_replace_malloc.c:195)
==9607==    by 0xA494D71: eggQuery_initExp_internal (eggQuery.c:996)
==9607==    by 0xA4950B9: eggQuery_initExp (eggQuery.c:1043)
==9607==    by 0xA49FA03: eggIndexSearcher_filter_local (eggIndexSearcherLocal.c:300)
==9607==    by 0xA49ECF5: eggIndexSearcher_filter (eggIndexSearcher.c:32)
==9607==    by 0x403394: get_colloector (getCollector.c:74)
==9607==    by 0x402200: get_strings (inputsDeal.c:148)
==9607==    by 0x401DA2: main (main.c:53)
==9607== 
==9607== Invalid read of size 1
==9607==    at 0x3B24837362: ____strtol_l_internal (in /lib64/libc-2.12.so)
==9607==    by 0xA49F8E8: formatTime (eggIndexSearcherLocal.c:275)
==9607==    by 0xA49FA26: eggIndexSearcher_filter_local (eggIndexSearcherLocal.c:307)
==9607==    by 0xA49ECF5: eggIndexSearcher_filter (eggIndexSearcher.c:32)
==9607==    by 0x403394: get_colloector (getCollector.c:74)
==9607==    by 0x402200: get_strings (inputsDeal.c:148)
==9607==    by 0x401DA2: main (main.c:53)
==9607==  Address 0x1c35cbfb is 1 bytes after a block of size 10 alloc'd
==9607==    at 0x4A0515D: malloc (vg_replace_malloc.c:195)
==9607==    by 0xA494D71: eggQuery_initExp_internal (eggQuery.c:996)
==9607==    by 0xA4950B9: eggQuery_initExp (eggQuery.c:1043)
==9607==    by 0xA49FA03: eggIndexSearcher_filter_local (eggIndexSearcherLocal.c:300)
==9607==    by 0xA49ECF5: eggIndexSearcher_filter (eggIndexSearcher.c:32)
==9607==    by 0x403394: get_colloector (getCollector.c:74)
==9607==    by 0x402200: get_strings (inputsDeal.c:148)
==9607==    by 0x401DA2: main (main.c:53)
==9607== 
==9607== Invalid read of size 1
==9607==    at 0xA49F8FE: formatTime (eggIndexSearcherLocal.c:276)
==9607==    by 0xA49FA26: eggIndexSearcher_filter_local (eggIndexSearcherLocal.c:307)
==9607==    by 0xA49ECF5: eggIndexSearcher_filter (eggIndexSearcher.c:32)
==9607==    by 0x403394: get_colloector (getCollector.c:74)
==9607==    by 0x402200: get_strings (inputsDeal.c:148)
==9607==    by 0x401DA2: main (main.c:53)
==9607==  Address 0x1c35cbfb is 1 bytes after a block of size 10 alloc'd
==9607==    at 0x4A0515D: malloc (vg_replace_malloc.c:195)
==9607==    by 0xA494D71: eggQuery_initExp_internal (eggQuery.c:996)
==9607==    by 0xA4950B9: eggQuery_initExp (eggQuery.c:1043)
==9607==    by 0xA49FA03: eggIndexSearcher_filter_local (eggIndexSearcherLocal.c:300)
==9607==    by 0xA49ECF5: eggIndexSearcher_filter (eggIndexSearcher.c:32)
==9607==    by 0x403394: get_colloector (getCollector.c:74)
==9607==    by 0x402200: get_strings (inputsDeal.c:148)
==9607==    by 0x401DA2: main (main.c:53)
==9607== 
==9607== Invalid read of size 1
==9607==    at 0x3B24837362: ____strtol_l_internal (in /lib64/libc-2.12.so)
==9607==    by 0xA49F945: formatTime (eggIndexSearcherLocal.c:280)
==9607==    by 0xA49FA26: eggIndexSearcher_filter_local (eggIndexSearcherLocal.c:307)
==9607==    by 0xA49ECF5: eggIndexSearcher_filter (eggIndexSearcher.c:32)
==9607==    by 0x403394: get_colloector (getCollector.c:74)
==9607==    by 0x402200: get_strings (inputsDeal.c:148)
==9607==    by 0x401DA2: main (main.c:53)
==9607==  Address 0x1c35cbfb is 1 bytes after a block of size 10 alloc'd
==9607==    at 0x4A0515D: malloc (vg_replace_malloc.c:195)
==9607==    by 0xA494D71: eggQuery_initExp_internal (eggQuery.c:996)
==9607==    by 0xA4950B9: eggQuery_initExp (eggQuery.c:1043)
==9607==    by 0xA49FA03: eggIndexSearcher_filter_local (eggIndexSearcherLocal.c:300)
==9607==    by 0xA49ECF5: eggIndexSearcher_filter (eggIndexSearcher.c:32)
==9607==    by 0x403394: get_colloector (getCollector.c:74)
==9607==    by 0x402200: get_strings (inputsDeal.c:148)
==9607==    by 0x401DA2: main (main.c:53)
==9607== 
==9607== Conditional jump or move depends on uninitialised value(s)
==9607==    at 0x3B24896295: __mktime_internal (in /lib64/libc-2.12.so)
==9607==    by 0xA49F9AF: formatTime (eggIndexSearcherLocal.c:285)
==9607==    by 0xA49FA26: eggIndexSearcher_filter_local (eggIndexSearcherLocal.c:307)
==9607==    by 0xA49ECF5: eggIndexSearcher_filter (eggIndexSearcher.c:32)
==9607==    by 0x403394: get_colloector (getCollector.c:74)
==9607==    by 0x402200: get_strings (inputsDeal.c:148)
==9607==    by 0x401DA2: main (main.c:53)
==9607== 
==9607== Invalid read of size 1
==9607==    at 0x3B248374A3: ____strtol_l_internal (in /lib64/libc-2.12.so)
==9607==    by 0xA49F82E: formatTime (eggIndexSearcherLocal.c:265)
==9607==    by 0xA49FA40: eggIndexSearcher_filter_local (eggIndexSearcherLocal.c:308)
==9607==    by 0xA49ECF5: eggIndexSearcher_filter (eggIndexSearcher.c:32)
==9607==    by 0x403394: get_colloector (getCollector.c:74)
==9607==    by 0x402200: get_strings (inputsDeal.c:148)
==9607==    by 0x401DA2: main (main.c:53)
==9607==  Address 0x1c35cc4a is 0 bytes after a block of size 10 alloc'd
==9607==    at 0x4A0515D: malloc (vg_replace_malloc.c:195)
==9607==    by 0xA494DF1: eggQuery_initExp_internal (eggQuery.c:1000)
==9607==    by 0xA4950B9: eggQuery_initExp (eggQuery.c:1043)
==9607==    by 0xA49FA03: eggIndexSearcher_filter_local (eggIndexSearcherLocal.c:300)
==9607==    by 0xA49ECF5: eggIndexSearcher_filter (eggIndexSearcher.c:32)
==9607==    by 0x403394: get_colloector (getCollector.c:74)
==9607==    by 0x402200: get_strings (inputsDeal.c:148)
==9607==    by 0x401DA2: main (main.c:53)
==9607== 
==9607== Invalid read of size 1
==9607==    at 0xA49F844: formatTime (eggIndexSearcherLocal.c:266)
==9607==    by 0xA49FA40: eggIndexSearcher_filter_local (eggIndexSearcherLocal.c:308)
==9607==    by 0xA49ECF5: eggIndexSearcher_filter (eggIndexSearcher.c:32)
==9607==    by 0x403394: get_colloector (getCollector.c:74)
==9607==    by 0x402200: get_strings (inputsDeal.c:148)
==9607==    by 0x401DA2: main (main.c:53)
==9607==  Address 0x1c35cc4a is 0 bytes after a block of size 10 alloc'd
==9607==    at 0x4A0515D: malloc (vg_replace_malloc.c:195)
==9607==    by 0xA494DF1: eggQuery_initExp_internal (eggQuery.c:1000)
==9607==    by 0xA4950B9: eggQuery_initExp (eggQuery.c:1043)
==9607==    by 0xA49FA03: eggIndexSearcher_filter_local (eggIndexSearcherLocal.c:300)
==9607==    by 0xA49ECF5: eggIndexSearcher_filter (eggIndexSearcher.c:32)
==9607==    by 0x403394: get_colloector (getCollector.c:74)
==9607==    by 0x402200: get_strings (inputsDeal.c:148)
==9607==    by 0x401DA2: main (main.c:53)
==9607== 
==9607== Invalid read of size 1
==9607==    at 0xA49F857: formatTime (eggIndexSearcherLocal.c:266)
==9607==    by 0xA49FA40: eggIndexSearcher_filter_local (eggIndexSearcherLocal.c:308)
==9607==    by 0xA49ECF5: eggIndexSearcher_filter (eggIndexSearcher.c:32)
==9607==    by 0x403394: get_colloector (getCollector.c:74)
==9607==    by 0x402200: get_strings (inputsDeal.c:148)
==9607==    by 0x401DA2: main (main.c:53)
==9607==  Address 0x1c35cc4a is 0 bytes after a block of size 10 alloc'd
==9607==    at 0x4A0515D: malloc (vg_replace_malloc.c:195)
==9607==    by 0xA494DF1: eggQuery_initExp_internal (eggQuery.c:1000)
==9607==    by 0xA4950B9: eggQuery_initExp (eggQuery.c:1043)
==9607==    by 0xA49FA03: eggIndexSearcher_filter_local (eggIndexSearcherLocal.c:300)
==9607==    by 0xA49ECF5: eggIndexSearcher_filter (eggIndexSearcher.c:32)
==9607==    by 0x403394: get_colloector (getCollector.c:74)
==9607==    by 0x402200: get_strings (inputsDeal.c:148)
==9607==    by 0x401DA2: main (main.c:53)
==9607== 
==9607== Invalid read of size 1
==9607==    at 0x3B24837362: ____strtol_l_internal (in /lib64/libc-2.12.so)
==9607==    by 0xA49F88B: formatTime (eggIndexSearcherLocal.c:270)
==9607==    by 0xA49FA40: eggIndexSearcher_filter_local (eggIndexSearcherLocal.c:308)
==9607==    by 0xA49ECF5: eggIndexSearcher_filter (eggIndexSearcher.c:32)
==9607==    by 0x403394: get_colloector (getCollector.c:74)
==9607==    by 0x402200: get_strings (inputsDeal.c:148)
==9607==    by 0x401DA2: main (main.c:53)
==9607==  Address 0x1c35cc51 is 7 bytes after a block of size 10 alloc'd
==9607==    at 0x4A0515D: malloc (vg_replace_malloc.c:195)
==9607==    by 0xA494DF1: eggQuery_initExp_internal (eggQuery.c:1000)
==9607==    by 0xA4950B9: eggQuery_initExp (eggQuery.c:1043)
==9607==    by 0xA49FA03: eggIndexSearcher_filter_local (eggIndexSearcherLocal.c:300)
==9607==    by 0xA49ECF5: eggIndexSearcher_filter (eggIndexSearcher.c:32)
==9607==    by 0x403394: get_colloector (getCollector.c:74)
==9607==    by 0x402200: get_strings (inputsDeal.c:148)
==9607==    by 0x401DA2: main (main.c:53)
==9607== 
==9607== Invalid read of size 1
==9607==    at 0xA49F8A1: formatTime (eggIndexSearcherLocal.c:271)
==9607==    by 0xA49FA40: eggIndexSearcher_filter_local (eggIndexSearcherLocal.c:308)
==9607==    by 0xA49ECF5: eggIndexSearcher_filter (eggIndexSearcher.c:32)
==9607==    by 0x403394: get_colloector (getCollector.c:74)
==9607==    by 0x402200: get_strings (inputsDeal.c:148)
==9607==    by 0x401DA2: main (main.c:53)
==9607==  Address 0x1c35cc51 is 7 bytes after a block of size 10 alloc'd
==9607==    at 0x4A0515D: malloc (vg_replace_malloc.c:195)
==9607==    by 0xA494DF1: eggQuery_initExp_internal (eggQuery.c:1000)
==9607==    by 0xA4950B9: eggQuery_initExp (eggQuery.c:1043)
==9607==    by 0xA49FA03: eggIndexSearcher_filter_local (eggIndexSearcherLocal.c:300)
==9607==    by 0xA49ECF5: eggIndexSearcher_filter (eggIndexSearcher.c:32)
==9607==    by 0x403394: get_colloector (getCollector.c:74)
==9607==    by 0x402200: get_strings (inputsDeal.c:148)
==9607==    by 0x401DA2: main (main.c:53)
==9607== 
==9607== Invalid read of size 1
==9607==    at 0x3B24837362: ____strtol_l_internal (in /lib64/libc-2.12.so)
==9607==    by 0xA49F8E8: formatTime (eggIndexSearcherLocal.c:275)
==9607==    by 0xA49FA40: eggIndexSearcher_filter_local (eggIndexSearcherLocal.c:308)
==9607==    by 0xA49ECF5: eggIndexSearcher_filter (eggIndexSearcher.c:32)
==9607==    by 0x403394: get_colloector (getCollector.c:74)
==9607==    by 0x402200: get_strings (inputsDeal.c:148)
==9607==    by 0x401DA2: main (main.c:53)
==9607==  Address 0x1c35cc51 is 7 bytes after a block of size 10 alloc'd
==9607==    at 0x4A0515D: malloc (vg_replace_malloc.c:195)
==9607==    by 0xA494DF1: eggQuery_initExp_internal (eggQuery.c:1000)
==9607==    by 0xA4950B9: eggQuery_initExp (eggQuery.c:1043)
==9607==    by 0xA49FA03: eggIndexSearcher_filter_local (eggIndexSearcherLocal.c:300)
==9607==    by 0xA49ECF5: eggIndexSearcher_filter (eggIndexSearcher.c:32)
==9607==    by 0x403394: get_colloector (getCollector.c:74)
==9607==    by 0x402200: get_strings (inputsDeal.c:148)
==9607==    by 0x401DA2: main (main.c:53)
==9607== 
==9607== Invalid read of size 1
==9607==    at 0xA49F8FE: formatTime (eggIndexSearcherLocal.c:276)
==9607==    by 0xA49FA40: eggIndexSearcher_filter_local (eggIndexSearcherLocal.c:308)
==9607==    by 0xA49ECF5: eggIndexSearcher_filter (eggIndexSearcher.c:32)
==9607==    by 0x403394: get_colloector (getCollector.c:74)
==9607==    by 0x402200: get_strings (inputsDeal.c:148)
==9607==    by 0x401DA2: main (main.c:53)
==9607==  Address 0x1c35cc51 is 7 bytes after a block of size 10 alloc'd
==9607==    at 0x4A0515D: malloc (vg_replace_malloc.c:195)
==9607==    by 0xA494DF1: eggQuery_initExp_internal (eggQuery.c:1000)
==9607==    by 0xA4950B9: eggQuery_initExp (eggQuery.c:1043)
==9607==    by 0xA49FA03: eggIndexSearcher_filter_local (eggIndexSearcherLocal.c:300)
==9607==    by 0xA49ECF5: eggIndexSearcher_filter (eggIndexSearcher.c:32)
==9607==    by 0x403394: get_colloector (getCollector.c:74)
==9607==    by 0x402200: get_strings (inputsDeal.c:148)
==9607==    by 0x401DA2: main (main.c:53)
==9607== 
==9607== Invalid read of size 1
==9607==    at 0x3B24837362: ____strtol_l_internal (in /lib64/libc-2.12.so)
==9607==    by 0xA49F945: formatTime (eggIndexSearcherLocal.c:280)
==9607==    by 0xA49FA40: eggIndexSearcher_filter_local (eggIndexSearcherLocal.c:308)
==9607==    by 0xA49ECF5: eggIndexSearcher_filter (eggIndexSearcher.c:32)
==9607==    by 0x403394: get_colloector (getCollector.c:74)
==9607==    by 0x402200: get_strings (inputsDeal.c:148)
==9607==    by 0x401DA2: main (main.c:53)
==9607==  Address 0x1c35cc51 is 7 bytes after a block of size 10 alloc'd
==9607==    at 0x4A0515D: malloc (vg_replace_malloc.c:195)
==9607==    by 0xA494DF1: eggQuery_initExp_internal (eggQuery.c:1000)
==9607==    by 0xA4950B9: eggQuery_initExp (eggQuery.c:1043)
==9607==    by 0xA49FA03: eggIndexSearcher_filter_local (eggIndexSearcherLocal.c:300)
==9607==    by 0xA49ECF5: eggIndexSearcher_filter (eggIndexSearcher.c:32)
==9607==    by 0x403394: get_colloector (getCollector.c:74)
==9607==    by 0x402200: get_strings (inputsDeal.c:148)
==9607==    by 0x401DA2: main (main.c:53)
==9607== 
==9607== Conditional jump or move depends on uninitialised value(s)
==9607==    at 0x3B24895D4B: __mktime_internal (in /lib64/libc-2.12.so)
==9607==    by 0xA49F9AF: formatTime (eggIndexSearcherLocal.c:285)
==9607==    by 0xA49FA40: eggIndexSearcher_filter_local (eggIndexSearcherLocal.c:308)
==9607==    by 0xA49ECF5: eggIndexSearcher_filter (eggIndexSearcher.c:32)
==9607==    by 0x403394: get_colloector (getCollector.c:74)
==9607==    by 0x402200: get_strings (inputsDeal.c:148)
==9607==    by 0x401DA2: main (main.c:53)
==9607== 
==9607== Conditional jump or move depends on uninitialised value(s)
==9607==    at 0x3B24895D67: __mktime_internal (in /lib64/libc-2.12.so)
==9607==    by 0xA49F9AF: formatTime (eggIndexSearcherLocal.c:285)
==9607==    by 0xA49FA40: eggIndexSearcher_filter_local (eggIndexSearcherLocal.c:308)
==9607==    by 0xA49ECF5: eggIndexSearcher_filter (eggIndexSearcher.c:32)
==9607==    by 0x403394: get_colloector (getCollector.c:74)
==9607==    by 0x402200: get_strings (inputsDeal.c:148)
==9607==    by 0x401DA2: main (main.c:53)
==9607== 
==9607== Conditional jump or move depends on uninitialised value(s)
==9607==    at 0x3B24897DCB: __tzfile_compute (in /lib64/libc-2.12.so)
==9607==    by 0x3B24897B36: __tz_convert (in /lib64/libc-2.12.so)
==9607==    by 0x3B24895E7E: __mktime_internal (in /lib64/libc-2.12.so)
==9607==    by 0xA49F9AF: formatTime (eggIndexSearcherLocal.c:285)
==9607==    by 0xA49FA40: eggIndexSearcher_filter_local (eggIndexSearcherLocal.c:308)
==9607==    by 0xA49ECF5: eggIndexSearcher_filter (eggIndexSearcher.c:32)
==9607==    by 0x403394: get_colloector (getCollector.c:74)
==9607==    by 0x402200: get_strings (inputsDeal.c:148)
==9607==    by 0x401DA2: main (main.c:53)
==9607== 
==9607== Conditional jump or move depends on uninitialised value(s)
==9607==    at 0x3B24897DDC: __tzfile_compute (in /lib64/libc-2.12.so)
==9607==    by 0x3B24897B36: __tz_convert (in /lib64/libc-2.12.so)
==9607==    by 0x3B24895E7E: __mktime_internal (in /lib64/libc-2.12.so)
==9607==    by 0xA49F9AF: formatTime (eggIndexSearcherLocal.c:285)
==9607==    by 0xA49FA40: eggIndexSearcher_filter_local (eggIndexSearcherLocal.c:308)
==9607==    by 0xA49ECF5: eggIndexSearcher_filter (eggIndexSearcher.c:32)
==9607==    by 0x403394: get_colloector (getCollector.c:74)
==9607==    by 0x402200: get_strings (inputsDeal.c:148)
==9607==    by 0x401DA2: main (main.c:53)
==9607== 
==9607== Conditional jump or move depends on uninitialised value(s)
==9607==    at 0x3B2489552A: __offtime (in /lib64/libc-2.12.so)
==9607==    by 0x3B248981DE: __tzfile_compute (in /lib64/libc-2.12.so)
==9607==    by 0x3B24897B36: __tz_convert (in /lib64/libc-2.12.so)
==9607==    by 0x3B24895E7E: __mktime_internal (in /lib64/libc-2.12.so)
==9607==    by 0xA49F9AF: formatTime (eggIndexSearcherLocal.c:285)
==9607==    by 0xA49FA40: eggIndexSearcher_filter_local (eggIndexSearcherLocal.c:308)
==9607==    by 0xA49ECF5: eggIndexSearcher_filter (eggIndexSearcher.c:32)
==9607==    by 0x403394: get_colloector (getCollector.c:74)
==9607==    by 0x402200: get_strings (inputsDeal.c:148)
==9607==    by 0x401DA2: main (main.c:53)
==9607== 
==9607== Conditional jump or move depends on uninitialised value(s)
==9607==    at 0x3B24895562: __offtime (in /lib64/libc-2.12.so)
==9607==    by 0x3B248981DE: __tzfile_compute (in /lib64/libc-2.12.so)
==9607==    by 0x3B24897B36: __tz_convert (in /lib64/libc-2.12.so)
==9607==    by 0x3B24895E7E: __mktime_internal (in /lib64/libc-2.12.so)
==9607==    by 0xA49F9AF: formatTime (eggIndexSearcherLocal.c:285)
==9607==    by 0xA49FA40: eggIndexSearcher_filter_local (eggIndexSearcherLocal.c:308)
==9607==    by 0xA49ECF5: eggIndexSearcher_filter (eggIndexSearcher.c:32)
==9607==    by 0x403394: get_colloector (getCollector.c:74)
==9607==    by 0x402200: get_strings (inputsDeal.c:148)
==9607==    by 0x401DA2: main (main.c:53)
==9607== 
==9607== Conditional jump or move depends on uninitialised value(s)
==9607==    at 0x3B248955FE: __offtime (in /lib64/libc-2.12.so)
==9607==    by 0x3B248981DE: __tzfile_compute (in /lib64/libc-2.12.so)
==9607==    by 0x3B24897B36: __tz_convert (in /lib64/libc-2.12.so)
==9607==    by 0x3B24895E7E: __mktime_internal (in /lib64/libc-2.12.so)
==9607==    by 0xA49F9AF: formatTime (eggIndexSearcherLocal.c:285)
==9607==    by 0xA49FA40: eggIndexSearcher_filter_local (eggIndexSearcherLocal.c:308)
==9607==    by 0xA49ECF5: eggIndexSearcher_filter (eggIndexSearcher.c:32)
==9607==    by 0x403394: get_colloector (getCollector.c:74)
==9607==    by 0x402200: get_strings (inputsDeal.c:148)
==9607==    by 0x401DA2: main (main.c:53)
==9607== 
==9607== Conditional jump or move depends on uninitialised value(s)
==9607==    at 0x3B248957E4: __offtime (in /lib64/libc-2.12.so)
==9607==    by 0x3B248981DE: __tzfile_compute (in /lib64/libc-2.12.so)
==9607==    by 0x3B24897B36: __tz_convert (in /lib64/libc-2.12.so)
==9607==    by 0x3B24895E7E: __mktime_internal (in /lib64/libc-2.12.so)
==9607==    by 0xA49F9AF: formatTime (eggIndexSearcherLocal.c:285)
==9607==    by 0xA49FA40: eggIndexSearcher_filter_local (eggIndexSearcherLocal.c:308)
==9607==    by 0xA49ECF5: eggIndexSearcher_filter (eggIndexSearcher.c:32)
==9607==    by 0x403394: get_colloector (getCollector.c:74)
==9607==    by 0x402200: get_strings (inputsDeal.c:148)
==9607==    by 0x401DA2: main (main.c:53)
==9607== 
==9607== Conditional jump or move depends on uninitialised value(s)
==9607==    at 0x3B248957FE: __offtime (in /lib64/libc-2.12.so)
==9607==    by 0x3B248981DE: __tzfile_compute (in /lib64/libc-2.12.so)
==9607==    by 0x3B24897B36: __tz_convert (in /lib64/libc-2.12.so)
==9607==    by 0x3B24895E7E: __mktime_internal (in /lib64/libc-2.12.so)
==9607==    by 0xA49F9AF: formatTime (eggIndexSearcherLocal.c:285)
==9607==    by 0xA49FA40: eggIndexSearcher_filter_local (eggIndexSearcherLocal.c:308)
==9607==    by 0xA49ECF5: eggIndexSearcher_filter (eggIndexSearcher.c:32)
==9607==    by 0x403394: get_colloector (getCollector.c:74)
==9607==    by 0x402200: get_strings (inputsDeal.c:148)
==9607==    by 0x401DA2: main (main.c:53)
==9607== 
==9607== Conditional jump or move depends on uninitialised value(s)
==9607==    at 0x3B248957F0: __offtime (in /lib64/libc-2.12.so)
==9607==    by 0x3B248981DE: __tzfile_compute (in /lib64/libc-2.12.so)
==9607==    by 0x3B24897B36: __tz_convert (in /lib64/libc-2.12.so)
==9607==    by 0x3B24895E7E: __mktime_internal (in /lib64/libc-2.12.so)
==9607==    by 0xA49F9AF: formatTime (eggIndexSearcherLocal.c:285)
==9607==    by 0xA49FA40: eggIndexSearcher_filter_local (eggIndexSearcherLocal.c:308)
==9607==    by 0xA49ECF5: eggIndexSearcher_filter (eggIndexSearcher.c:32)
==9607==    by 0x403394: get_colloector (getCollector.c:74)
==9607==    by 0x402200: get_strings (inputsDeal.c:148)
==9607==    by 0x401DA2: main (main.c:53)
==9607== 
==9607== Conditional jump or move depends on uninitialised value(s)
==9607==    at 0x3B24895819: __offtime (in /lib64/libc-2.12.so)
==9607==    by 0x3B248981DE: __tzfile_compute (in /lib64/libc-2.12.so)
==9607==    by 0x3B24897B36: __tz_convert (in /lib64/libc-2.12.so)
==9607==    by 0x3B24895E7E: __mktime_internal (in /lib64/libc-2.12.so)
==9607==    by 0xA49F9AF: formatTime (eggIndexSearcherLocal.c:285)
==9607==    by 0xA49FA40: eggIndexSearcher_filter_local (eggIndexSearcherLocal.c:308)
==9607==    by 0xA49ECF5: eggIndexSearcher_filter (eggIndexSearcher.c:32)
==9607==    by 0x403394: get_colloector (getCollector.c:74)
==9607==    by 0x402200: get_strings (inputsDeal.c:148)
==9607==    by 0x401DA2: main (main.c:53)
==9607== 
==9607== Conditional jump or move depends on uninitialised value(s)
==9607==    at 0x3B2489583E: __offtime (in /lib64/libc-2.12.so)
==9607==    by 0x3B248981DE: __tzfile_compute (in /lib64/libc-2.12.so)
==9607==    by 0x3B24897B36: __tz_convert (in /lib64/libc-2.12.so)
==9607==    by 0x3B24895E7E: __mktime_internal (in /lib64/libc-2.12.so)
==9607==    by 0xA49F9AF: formatTime (eggIndexSearcherLocal.c:285)
==9607==    by 0xA49FA40: eggIndexSearcher_filter_local (eggIndexSearcherLocal.c:308)
==9607==    by 0xA49ECF5: eggIndexSearcher_filter (eggIndexSearcher.c:32)
==9607==    by 0x403394: get_colloector (getCollector.c:74)
==9607==    by 0x402200: get_strings (inputsDeal.c:148)
==9607==    by 0x401DA2: main (main.c:53)
==9607== 
==9607== Conditional jump or move depends on uninitialised value(s)
==9607==    at 0x3B248958AA: __offtime (in /lib64/libc-2.12.so)
==9607==    by 0x3B248981DE: __tzfile_compute (in /lib64/libc-2.12.so)
==9607==    by 0x3B24897B36: __tz_convert (in /lib64/libc-2.12.so)
==9607==    by 0x3B24895E7E: __mktime_internal (in /lib64/libc-2.12.so)
==9607==    by 0xA49F9AF: formatTime (eggIndexSearcherLocal.c:285)
==9607==    by 0xA49FA40: eggIndexSearcher_filter_local (eggIndexSearcherLocal.c:308)
==9607==    by 0xA49ECF5: eggIndexSearcher_filter (eggIndexSearcher.c:32)
==9607==    by 0x403394: get_colloector (getCollector.c:74)
==9607==    by 0x402200: get_strings (inputsDeal.c:148)
==9607==    by 0x401DA2: main (main.c:53)
==9607== 
==9607== Conditional jump or move depends on uninitialised value(s)
==9607==    at 0x3B248958D3: __offtime (in /lib64/libc-2.12.so)
==9607==    by 0x3B248981DE: __tzfile_compute (in /lib64/libc-2.12.so)
==9607==    by 0x3B24897B36: __tz_convert (in /lib64/libc-2.12.so)
==9607==    by 0x3B24895E7E: __mktime_internal (in /lib64/libc-2.12.so)
==9607==    by 0xA49F9AF: formatTime (eggIndexSearcherLocal.c:285)
==9607==    by 0xA49FA40: eggIndexSearcher_filter_local (eggIndexSearcherLocal.c:308)
==9607==    by 0xA49ECF5: eggIndexSearcher_filter (eggIndexSearcher.c:32)
==9607==    by 0x403394: get_colloector (getCollector.c:74)
==9607==    by 0x402200: get_strings (inputsDeal.c:148)
==9607==    by 0x401DA2: main (main.c:53)
==9607== 
==9607== Conditional jump or move depends on uninitialised value(s)
==9607==    at 0x3B248969E5: compute_change (in /lib64/libc-2.12.so)
==9607==    by 0x3B24896D00: __tz_compute (in /lib64/libc-2.12.so)
==9607==    by 0x3B248981F8: __tzfile_compute (in /lib64/libc-2.12.so)
==9607==    by 0x3B24897B36: __tz_convert (in /lib64/libc-2.12.so)
==9607==    by 0x3B24895E7E: __mktime_internal (in /lib64/libc-2.12.so)
==9607==    by 0xA49F9AF: formatTime (eggIndexSearcherLocal.c:285)
==9607==    by 0xA49FA40: eggIndexSearcher_filter_local (eggIndexSearcherLocal.c:308)
==9607==    by 0xA49ECF5: eggIndexSearcher_filter (eggIndexSearcher.c:32)
==9607==    by 0x403394: get_colloector (getCollector.c:74)
==9607==    by 0x402200: get_strings (inputsDeal.c:148)
==9607==    by 0x401DA2: main (main.c:53)
==9607== 
==9607== Conditional jump or move depends on uninitialised value(s)
==9607==    at 0x3B248969EE: compute_change (in /lib64/libc-2.12.so)
==9607==    by 0x3B24896D00: __tz_compute (in /lib64/libc-2.12.so)
==9607==    by 0x3B248981F8: __tzfile_compute (in /lib64/libc-2.12.so)
==9607==    by 0x3B24897B36: __tz_convert (in /lib64/libc-2.12.so)
==9607==    by 0x3B24895E7E: __mktime_internal (in /lib64/libc-2.12.so)
==9607==    by 0xA49F9AF: formatTime (eggIndexSearcherLocal.c:285)
==9607==    by 0xA49FA40: eggIndexSearcher_filter_local (eggIndexSearcherLocal.c:308)
==9607==    by 0xA49ECF5: eggIndexSearcher_filter (eggIndexSearcher.c:32)
==9607==    by 0x403394: get_colloector (getCollector.c:74)
==9607==    by 0x402200: get_strings (inputsDeal.c:148)
==9607==    by 0x401DA2: main (main.c:53)
==9607== 
==9607== Conditional jump or move depends on uninitialised value(s)
==9607==    at 0x3B248969FA: compute_change (in /lib64/libc-2.12.so)
==9607==    by 0x3B24896D00: __tz_compute (in /lib64/libc-2.12.so)
==9607==    by 0x3B248981F8: __tzfile_compute (in /lib64/libc-2.12.so)
==9607==    by 0x3B24897B36: __tz_convert (in /lib64/libc-2.12.so)
==9607==    by 0x3B24895E7E: __mktime_internal (in /lib64/libc-2.12.so)
==9607==    by 0xA49F9AF: formatTime (eggIndexSearcherLocal.c:285)
==9607==    by 0xA49FA40: eggIndexSearcher_filter_local (eggIndexSearcherLocal.c:308)
==9607==    by 0xA49ECF5: eggIndexSearcher_filter (eggIndexSearcher.c:32)
==9607==    by 0x403394: get_colloector (getCollector.c:74)
==9607==    by 0x402200: get_strings (inputsDeal.c:148)
==9607==    by 0x401DA2: main (main.c:53)
==9607== 
==9607== Conditional jump or move depends on uninitialised value(s)
==9607==    at 0x3B248969E5: compute_change (in /lib64/libc-2.12.so)
==9607==    by 0x3B24896D15: __tz_compute (in /lib64/libc-2.12.so)
==9607==    by 0x3B248981F8: __tzfile_compute (in /lib64/libc-2.12.so)
==9607==    by 0x3B24897B36: __tz_convert (in /lib64/libc-2.12.so)
==9607==    by 0x3B24895E7E: __mktime_internal (in /lib64/libc-2.12.so)
==9607==    by 0xA49F9AF: formatTime (eggIndexSearcherLocal.c:285)
==9607==    by 0xA49FA40: eggIndexSearcher_filter_local (eggIndexSearcherLocal.c:308)
==9607==    by 0xA49ECF5: eggIndexSearcher_filter (eggIndexSearcher.c:32)
==9607==    by 0x403394: get_colloector (getCollector.c:74)
==9607==    by 0x402200: get_strings (inputsDeal.c:148)
==9607==    by 0x401DA2: main (main.c:53)
==9607== 
==9607== Conditional jump or move depends on uninitialised value(s)
==9607==    at 0x3B248969EE: compute_change (in /lib64/libc-2.12.so)
==9607==    by 0x3B24896D15: __tz_compute (in /lib64/libc-2.12.so)
==9607==    by 0x3B248981F8: __tzfile_compute (in /lib64/libc-2.12.so)
==9607==    by 0x3B24897B36: __tz_convert (in /lib64/libc-2.12.so)
==9607==    by 0x3B24895E7E: __mktime_internal (in /lib64/libc-2.12.so)
==9607==    by 0xA49F9AF: formatTime (eggIndexSearcherLocal.c:285)
==9607==    by 0xA49FA40: eggIndexSearcher_filter_local (eggIndexSearcherLocal.c:308)
==9607==    by 0xA49ECF5: eggIndexSearcher_filter (eggIndexSearcher.c:32)
==9607==    by 0x403394: get_colloector (getCollector.c:74)
==9607==    by 0x402200: get_strings (inputsDeal.c:148)
==9607==    by 0x401DA2: main (main.c:53)
==9607== 
==9607== Conditional jump or move depends on uninitialised value(s)
==9607==    at 0x3B248969FA: compute_change (in /lib64/libc-2.12.so)
==9607==    by 0x3B24896D15: __tz_compute (in /lib64/libc-2.12.so)
==9607==    by 0x3B248981F8: __tzfile_compute (in /lib64/libc-2.12.so)
==9607==    by 0x3B24897B36: __tz_convert (in /lib64/libc-2.12.so)
==9607==    by 0x3B24895E7E: __mktime_internal (in /lib64/libc-2.12.so)
==9607==    by 0xA49F9AF: formatTime (eggIndexSearcherLocal.c:285)
==9607==    by 0xA49FA40: eggIndexSearcher_filter_local (eggIndexSearcherLocal.c:308)
==9607==    by 0xA49ECF5: eggIndexSearcher_filter (eggIndexSearcher.c:32)
==9607==    by 0x403394: get_colloector (getCollector.c:74)
==9607==    by 0x402200: get_strings (inputsDeal.c:148)
==9607==    by 0x401DA2: main (main.c:53)
==9607== 
==9607== Conditional jump or move depends on uninitialised value(s)
==9607==    at 0x3B24896D2C: __tz_compute (in /lib64/libc-2.12.so)
==9607==    by 0x3B248981F8: __tzfile_compute (in /lib64/libc-2.12.so)
==9607==    by 0x3B24897B36: __tz_convert (in /lib64/libc-2.12.so)
==9607==    by 0x3B24895E7E: __mktime_internal (in /lib64/libc-2.12.so)
==9607==    by 0xA49F9AF: formatTime (eggIndexSearcherLocal.c:285)
==9607==    by 0xA49FA40: eggIndexSearcher_filter_local (eggIndexSearcherLocal.c:308)
==9607==    by 0xA49ECF5: eggIndexSearcher_filter (eggIndexSearcher.c:32)
==9607==    by 0x403394: get_colloector (getCollector.c:74)
==9607==    by 0x402200: get_strings (inputsDeal.c:148)
==9607==    by 0x401DA2: main (main.c:53)
==9607== 
==9607== Conditional jump or move depends on uninitialised value(s)
==9607==    at 0x3B24896D33: __tz_compute (in /lib64/libc-2.12.so)
==9607==    by 0x3B248981F8: __tzfile_compute (in /lib64/libc-2.12.so)
==9607==    by 0x3B24897B36: __tz_convert (in /lib64/libc-2.12.so)
==9607==    by 0x3B24895E7E: __mktime_internal (in /lib64/libc-2.12.so)
==9607==    by 0xA49F9AF: formatTime (eggIndexSearcherLocal.c:285)
==9607==    by 0xA49FA40: eggIndexSearcher_filter_local (eggIndexSearcherLocal.c:308)
==9607==    by 0xA49ECF5: eggIndexSearcher_filter (eggIndexSearcher.c:32)
==9607==    by 0x403394: get_colloector (getCollector.c:74)
==9607==    by 0x402200: get_strings (inputsDeal.c:148)
==9607==    by 0x401DA2: main (main.c:53)
==9607== 
==9607== Use of uninitialised value of size 8
==9607==    at 0x3B24896D41: __tz_compute (in /lib64/libc-2.12.so)
==9607==    by 0x3B248981F8: __tzfile_compute (in /lib64/libc-2.12.so)
==9607==    by 0x3B24897B36: __tz_convert (in /lib64/libc-2.12.so)
==9607==    by 0x3B24895E7E: __mktime_internal (in /lib64/libc-2.12.so)
==9607==    by 0xA49F9AF: formatTime (eggIndexSearcherLocal.c:285)
==9607==    by 0xA49FA40: eggIndexSearcher_filter_local (eggIndexSearcherLocal.c:308)
==9607==    by 0xA49ECF5: eggIndexSearcher_filter (eggIndexSearcher.c:32)
==9607==    by 0x403394: get_colloector (getCollector.c:74)
==9607==    by 0x402200: get_strings (inputsDeal.c:148)
==9607==    by 0x401DA2: main (main.c:53)
==9607== 
==9607== Use of uninitialised value of size 8
==9607==    at 0x3B24896D5D: __tz_compute (in /lib64/libc-2.12.so)
==9607==    by 0x3B248981F8: __tzfile_compute (in /lib64/libc-2.12.so)
==9607==    by 0x3B24897B36: __tz_convert (in /lib64/libc-2.12.so)
==9607==    by 0x3B24895E7E: __mktime_internal (in /lib64/libc-2.12.so)
==9607==    by 0xA49F9AF: formatTime (eggIndexSearcherLocal.c:285)
==9607==    by 0xA49FA40: eggIndexSearcher_filter_local (eggIndexSearcherLocal.c:308)
==9607==    by 0xA49ECF5: eggIndexSearcher_filter (eggIndexSearcher.c:32)
==9607==    by 0x403394: get_colloector (getCollector.c:74)
==9607==    by 0x402200: get_strings (inputsDeal.c:148)
==9607==    by 0x401DA2: main (main.c:53)
==9607== 
==9607== Conditional jump or move depends on uninitialised value(s)
==9607==    at 0x3B2489552A: __offtime (in /lib64/libc-2.12.so)
==9607==    by 0x3B24897AE6: __tz_convert (in /lib64/libc-2.12.so)
==9607==    by 0x3B24895E7E: __mktime_internal (in /lib64/libc-2.12.so)
==9607==    by 0xA49F9AF: formatTime (eggIndexSearcherLocal.c:285)
==9607==    by 0xA49FA40: eggIndexSearcher_filter_local (eggIndexSearcherLocal.c:308)
==9607==    by 0xA49ECF5: eggIndexSearcher_filter (eggIndexSearcher.c:32)
==9607==    by 0x403394: get_colloector (getCollector.c:74)
==9607==    by 0x402200: get_strings (inputsDeal.c:148)
==9607==    by 0x401DA2: main (main.c:53)
==9607== 
==9607== Conditional jump or move depends on uninitialised value(s)
==9607==    at 0x3B24895562: __offtime (in /lib64/libc-2.12.so)
==9607==    by 0x3B24897AE6: __tz_convert (in /lib64/libc-2.12.so)
==9607==    by 0x3B24895E7E: __mktime_internal (in /lib64/libc-2.12.so)
==9607==    by 0xA49F9AF: formatTime (eggIndexSearcherLocal.c:285)
==9607==    by 0xA49FA40: eggIndexSearcher_filter_local (eggIndexSearcherLocal.c:308)
==9607==    by 0xA49ECF5: eggIndexSearcher_filter (eggIndexSearcher.c:32)
==9607==    by 0x403394: get_colloector (getCollector.c:74)
==9607==    by 0x402200: get_strings (inputsDeal.c:148)
==9607==    by 0x401DA2: main (main.c:53)
==9607== 
==9607== Conditional jump or move depends on uninitialised value(s)
==9607==    at 0x3B248955FE: __offtime (in /lib64/libc-2.12.so)
==9607==    by 0x3B24897AE6: __tz_convert (in /lib64/libc-2.12.so)
==9607==    by 0x3B24895E7E: __mktime_internal (in /lib64/libc-2.12.so)
==9607==    by 0xA49F9AF: formatTime (eggIndexSearcherLocal.c:285)
==9607==    by 0xA49FA40: eggIndexSearcher_filter_local (eggIndexSearcherLocal.c:308)
==9607==    by 0xA49ECF5: eggIndexSearcher_filter (eggIndexSearcher.c:32)
==9607==    by 0x403394: get_colloector (getCollector.c:74)
==9607==    by 0x402200: get_strings (inputsDeal.c:148)
==9607==    by 0x401DA2: main (main.c:53)
==9607== 
==9607== Conditional jump or move depends on uninitialised value(s)
==9607==    at 0x3B248957E4: __offtime (in /lib64/libc-2.12.so)
==9607==    by 0x3B24897AE6: __tz_convert (in /lib64/libc-2.12.so)
==9607==    by 0x3B24895E7E: __mktime_internal (in /lib64/libc-2.12.so)
==9607==    by 0xA49F9AF: formatTime (eggIndexSearcherLocal.c:285)
==9607==    by 0xA49FA40: eggIndexSearcher_filter_local (eggIndexSearcherLocal.c:308)
==9607==    by 0xA49ECF5: eggIndexSearcher_filter (eggIndexSearcher.c:32)
==9607==    by 0x403394: get_colloector (getCollector.c:74)
==9607==    by 0x402200: get_strings (inputsDeal.c:148)
==9607==    by 0x401DA2: main (main.c:53)
==9607== 
==9607== Conditional jump or move depends on uninitialised value(s)
==9607==    at 0x3B248957FE: __offtime (in /lib64/libc-2.12.so)
==9607==    by 0x3B24897AE6: __tz_convert (in /lib64/libc-2.12.so)
==9607==    by 0x3B24895E7E: __mktime_internal (in /lib64/libc-2.12.so)
==9607==    by 0xA49F9AF: formatTime (eggIndexSearcherLocal.c:285)
==9607==    by 0xA49FA40: eggIndexSearcher_filter_local (eggIndexSearcherLocal.c:308)
==9607==    by 0xA49ECF5: eggIndexSearcher_filter (eggIndexSearcher.c:32)
==9607==    by 0x403394: get_colloector (getCollector.c:74)
==9607==    by 0x402200: get_strings (inputsDeal.c:148)
==9607==    by 0x401DA2: main (main.c:53)
==9607== 
==9607== Conditional jump or move depends on uninitialised value(s)
==9607==    at 0x3B248957F0: __offtime (in /lib64/libc-2.12.so)
==9607==    by 0x3B24897AE6: __tz_convert (in /lib64/libc-2.12.so)
==9607==    by 0x3B24895E7E: __mktime_internal (in /lib64/libc-2.12.so)
==9607==    by 0xA49F9AF: formatTime (eggIndexSearcherLocal.c:285)
==9607==    by 0xA49FA40: eggIndexSearcher_filter_local (eggIndexSearcherLocal.c:308)
==9607==    by 0xA49ECF5: eggIndexSearcher_filter (eggIndexSearcher.c:32)
==9607==    by 0x403394: get_colloector (getCollector.c:74)
==9607==    by 0x402200: get_strings (inputsDeal.c:148)
==9607==    by 0x401DA2: main (main.c:53)
==9607== 
==9607== Conditional jump or move depends on uninitialised value(s)
==9607==    at 0x3B24895819: __offtime (in /lib64/libc-2.12.so)
==9607==    by 0x3B24897AE6: __tz_convert (in /lib64/libc-2.12.so)
==9607==    by 0x3B24895E7E: __mktime_internal (in /lib64/libc-2.12.so)
==9607==    by 0xA49F9AF: formatTime (eggIndexSearcherLocal.c:285)
==9607==    by 0xA49FA40: eggIndexSearcher_filter_local (eggIndexSearcherLocal.c:308)
==9607==    by 0xA49ECF5: eggIndexSearcher_filter (eggIndexSearcher.c:32)
==9607==    by 0x403394: get_colloector (getCollector.c:74)
==9607==    by 0x402200: get_strings (inputsDeal.c:148)
==9607==    by 0x401DA2: main (main.c:53)
==9607== 
==9607== Conditional jump or move depends on uninitialised value(s)
==9607==    at 0x3B2489583E: __offtime (in /lib64/libc-2.12.so)
==9607==    by 0x3B24897AE6: __tz_convert (in /lib64/libc-2.12.so)
==9607==    by 0x3B24895E7E: __mktime_internal (in /lib64/libc-2.12.so)
==9607==    by 0xA49F9AF: formatTime (eggIndexSearcherLocal.c:285)
==9607==    by 0xA49FA40: eggIndexSearcher_filter_local (eggIndexSearcherLocal.c:308)
==9607==    by 0xA49ECF5: eggIndexSearcher_filter (eggIndexSearcher.c:32)
==9607==    by 0x403394: get_colloector (getCollector.c:74)
==9607==    by 0x402200: get_strings (inputsDeal.c:148)
==9607==    by 0x401DA2: main (main.c:53)
==9607== 
==9607== Conditional jump or move depends on uninitialised value(s)
==9607==    at 0x3B248958AA: __offtime (in /lib64/libc-2.12.so)
==9607==    by 0x3B24897AE6: __tz_convert (in /lib64/libc-2.12.so)
==9607==    by 0x3B24895E7E: __mktime_internal (in /lib64/libc-2.12.so)
==9607==    by 0xA49F9AF: formatTime (eggIndexSearcherLocal.c:285)
==9607==    by 0xA49FA40: eggIndexSearcher_filter_local (eggIndexSearcherLocal.c:308)
==9607==    by 0xA49ECF5: eggIndexSearcher_filter (eggIndexSearcher.c:32)
==9607==    by 0x403394: get_colloector (getCollector.c:74)
==9607==    by 0x402200: get_strings (inputsDeal.c:148)
==9607==    by 0x401DA2: main (main.c:53)
==9607== 
==9607== Conditional jump or move depends on uninitialised value(s)
==9607==    at 0x3B248958D3: __offtime (in /lib64/libc-2.12.so)
==9607==    by 0x3B24897AE6: __tz_convert (in /lib64/libc-2.12.so)
==9607==    by 0x3B24895E7E: __mktime_internal (in /lib64/libc-2.12.so)
==9607==    by 0xA49F9AF: formatTime (eggIndexSearcherLocal.c:285)
==9607==    by 0xA49FA40: eggIndexSearcher_filter_local (eggIndexSearcherLocal.c:308)
==9607==    by 0xA49ECF5: eggIndexSearcher_filter (eggIndexSearcher.c:32)
==9607==    by 0x403394: get_colloector (getCollector.c:74)
==9607==    by 0x402200: get_strings (inputsDeal.c:148)
==9607==    by 0x401DA2: main (main.c:53)
==9607== 
==9607== Conditional jump or move depends on uninitialised value(s)
==9607==    at 0x3B24895F78: __mktime_internal (in /lib64/libc-2.12.so)
==9607==    by 0xA49F9AF: formatTime (eggIndexSearcherLocal.c:285)
==9607==    by 0xA49FA40: eggIndexSearcher_filter_local (eggIndexSearcherLocal.c:308)
==9607==    by 0xA49ECF5: eggIndexSearcher_filter (eggIndexSearcher.c:32)
==9607==    by 0x403394: get_colloector (getCollector.c:74)
==9607==    by 0x402200: get_strings (inputsDeal.c:148)
==9607==    by 0x401DA2: main (main.c:53)
==9607== 
==9607== Conditional jump or move depends on uninitialised value(s)
==9607==    at 0x3B24895FA3: __mktime_internal (in /lib64/libc-2.12.so)
==9607==    by 0xA49F9AF: formatTime (eggIndexSearcherLocal.c:285)
==9607==    by 0xA49FA40: eggIndexSearcher_filter_local (eggIndexSearcherLocal.c:308)
==9607==    by 0xA49ECF5: eggIndexSearcher_filter (eggIndexSearcher.c:32)
==9607==    by 0x403394: get_colloector (getCollector.c:74)
==9607==    by 0x402200: get_strings (inputsDeal.c:148)
==9607==    by 0x401DA2: main (main.c:53)
==9607== 
==9607== Conditional jump or move depends on uninitialised value(s)
==9607==    at 0x3B24896295: __mktime_internal (in /lib64/libc-2.12.so)
==9607==    by 0xA49F9AF: formatTime (eggIndexSearcherLocal.c:285)
==9607==    by 0xA49FA40: eggIndexSearcher_filter_local (eggIndexSearcherLocal.c:308)
==9607==    by 0xA49ECF5: eggIndexSearcher_filter (eggIndexSearcher.c:32)
==9607==    by 0x403394: get_colloector (getCollector.c:74)
==9607==    by 0x402200: get_strings (inputsDeal.c:148)
==9607==    by 0x401DA2: main (main.c:53)
==9607== 
==9607== Conditional jump or move depends on uninitialised value(s)
==9607==    at 0x3B2489629F: __mktime_internal (in /lib64/libc-2.12.so)
==9607==    by 0xA49F9AF: formatTime (eggIndexSearcherLocal.c:285)
==9607==    by 0xA49FA40: eggIndexSearcher_filter_local (eggIndexSearcherLocal.c:308)
==9607==    by 0xA49ECF5: eggIndexSearcher_filter (eggIndexSearcher.c:32)
==9607==    by 0x403394: get_colloector (getCollector.c:74)
==9607==    by 0x402200: get_strings (inputsDeal.c:148)
==9607==    by 0x401DA2: main (main.c:53)
==9607== 
==9607== Conditional jump or move depends on uninitialised value(s)
==9607==    at 0x3B2489604C: __mktime_internal (in /lib64/libc-2.12.so)
==9607==    by 0xA49F9AF: formatTime (eggIndexSearcherLocal.c:285)
==9607==    by 0xA49FA40: eggIndexSearcher_filter_local (eggIndexSearcherLocal.c:308)
==9607==    by 0xA49ECF5: eggIndexSearcher_filter (eggIndexSearcher.c:32)
==9607==    by 0x403394: get_colloector (getCollector.c:74)
==9607==    by 0x402200: get_strings (inputsDeal.c:148)
==9607==    by 0x401DA2: main (main.c:53)
==9607== 
==9607== Conditional jump or move depends on uninitialised value(s)
==9607==    at 0xA49654C: eggScoreDoc_cmpWeight2 (eggScoreDoc.c:53)
==9607==    by 0xA4A3D30: Uti_binary_lookup (Utility.c:350)
==9607==    by 0xA497624: eggTopCollector_filter_weight (eggTopCollector.c:464)
==9607==    by 0xA49FA60: eggIndexSearcher_filter_local (eggIndexSearcherLocal.c:310)
==9607==    by 0xA49ECF5: eggIndexSearcher_filter (eggIndexSearcher.c:32)
==9607==    by 0x403394: get_colloector (getCollector.c:74)
==9607==    by 0x402200: get_strings (inputsDeal.c:148)
==9607==    by 0x401DA2: main (main.c:53)
==9607== 
==9607== Conditional jump or move depends on uninitialised value(s)
==9607==    at 0xA496582: eggScoreDoc_cmpWeight2 (eggScoreDoc.c:57)
==9607==    by 0xA4A3D30: Uti_binary_lookup (Utility.c:350)
==9607==    by 0xA497624: eggTopCollector_filter_weight (eggTopCollector.c:464)
==9607==    by 0xA49FA60: eggIndexSearcher_filter_local (eggIndexSearcherLocal.c:310)
==9607==    by 0xA49ECF5: eggIndexSearcher_filter (eggIndexSearcher.c:32)
==9607==    by 0x403394: get_colloector (getCollector.c:74)
==9607==    by 0x402200: get_strings (inputsDeal.c:148)
==9607==    by 0x401DA2: main (main.c:53)
==9607== 
==9607== Conditional jump or move depends on uninitialised value(s)
==9607==    at 0xA49768F: eggTopCollector_filter_weight (eggTopCollector.c:466)
==9607==    by 0xA49FA60: eggIndexSearcher_filter_local (eggIndexSearcherLocal.c:310)
==9607==    by 0xA49ECF5: eggIndexSearcher_filter (eggIndexSearcher.c:32)
==9607==    by 0x403394: get_colloector (getCollector.c:74)
==9607==    by 0x402200: get_strings (inputsDeal.c:148)
==9607==    by 0x401DA2: main (main.c:53)
==9607== 
==9607== Conditional jump or move depends on uninitialised value(s)
==9607==    at 0xA4976D3: eggTopCollector_filter_weight (eggTopCollector.c:471)
==9607==    by 0xA49FA60: eggIndexSearcher_filter_local (eggIndexSearcherLocal.c:310)
==9607==    by 0xA49ECF5: eggIndexSearcher_filter (eggIndexSearcher.c:32)
==9607==    by 0x403394: get_colloector (getCollector.c:74)
==9607==    by 0x402200: get_strings (inputsDeal.c:148)
==9607==    by 0x401DA2: main (main.c:53)
==9607== 
==9607== 
==9607== HEAP SUMMARY:
==9607==     in use at exit: 29,204 bytes in 3 blocks
==9607==   total heap usage: 2,044,921 allocs, 2,044,918 frees, 146,254,443 bytes allocated
==9607== 
==9607== 32 bytes in 1 blocks are still reachable in loss record 1 of 3
==9607==    at 0x4A04481: calloc (vg_replace_malloc.c:418)
==9607==    by 0x3B2500130F: _dlerror_run (in /lib64/libdl-2.12.so)
==9607==    by 0x3B25000EE0: dlopen@@GLIBC_2.2.5 (in /lib64/libdl-2.12.so)
==9607==    by 0xA498B9F: eggAnalyzerSet_init_unit (eggAnalyzer.c:93)
==9607==    by 0xA498F6D: eggAnalyzerSet_init_unit_specified (eggAnalyzer.c:142)
==9607==    by 0xA48CD50: eggConfig_object_init (eggConfig.c:44)
==9607==    by 0xA498AB3: eggAnalyzer_get (eggAnalyzer.c:72)
==9607==    by 0xA49453E: analyzeQueryRecord (eggQuery.c:819)
==9607==    by 0xA494BC2: eggQuery_initExp_internal (eggQuery.c:967)
==9607==    by 0xA494C19: eggQuery_initExp_internal (eggQuery.c:979)
==9607==    by 0xA4950B9: eggQuery_initExp (eggQuery.c:1043)
==9607==    by 0xA49EDC8: eggIndexSearcher_search_with_query_local (eggIndexSearcherLocal.c:55)
==9607==    by 0xA49EC88: eggIndexSearcher_search_with_query (eggIndexSearcher.c:22)
==9607==    by 0x403305: get_colloector (getCollector.c:62)
==9607==    by 0x402200: get_strings (inputsDeal.c:148)
==9607==    by 0x401DA2: main (main.c:53)
==9607== 
==9607== 248 bytes in 1 blocks are still reachable in loss record 2 of 3
==9607==    at 0x4A0515D: malloc (vg_replace_malloc.c:195)
==9607==    by 0x3B2400CB3A: _dl_map_object_deps (in /lib64/ld-2.12.so)
==9607==    by 0x3B240129C9: dl_open_worker (in /lib64/ld-2.12.so)
==9607==    by 0x3B2400E0A5: _dl_catch_error (in /lib64/ld-2.12.so)
==9607==    by 0x3B240123F9: _dl_open (in /lib64/ld-2.12.so)
==9607==    by 0x3B25000F65: dlopen_doit (in /lib64/libdl-2.12.so)
==9607==    by 0x3B2400E0A5: _dl_catch_error (in /lib64/ld-2.12.so)
==9607==    by 0x3B2500129B: _dlerror_run (in /lib64/libdl-2.12.so)
==9607==    by 0x3B25000EE0: dlopen@@GLIBC_2.2.5 (in /lib64/libdl-2.12.so)
==9607==    by 0xA498B9F: eggAnalyzerSet_init_unit (eggAnalyzer.c:93)
==9607==    by 0xA498F6D: eggAnalyzerSet_init_unit_specified (eggAnalyzer.c:142)
==9607==    by 0xA48CD50: eggConfig_object_init (eggConfig.c:44)
==9607==    by 0xA498AB3: eggAnalyzer_get (eggAnalyzer.c:72)
==9607==    by 0xA49453E: analyzeQueryRecord (eggQuery.c:819)
==9607==    by 0xA494BC2: eggQuery_initExp_internal (eggQuery.c:967)
==9607==    by 0xA494C19: eggQuery_initExp_internal (eggQuery.c:979)
==9607==    by 0xA4950B9: eggQuery_initExp (eggQuery.c:1043)
==9607==    by 0xA49EDC8: eggIndexSearcher_search_with_query_local (eggIndexSearcherLocal.c:55)
==9607==    by 0xA49EC88: eggIndexSearcher_search_with_query (eggIndexSearcher.c:22)
==9607==    by 0x403305: get_colloector (getCollector.c:62)
==9607== 
==9607== 28,924 bytes in 1 blocks are still reachable in loss record 3 of 3
==9607==    at 0x4A04481: calloc (vg_replace_malloc.c:418)
==9607==    by 0x3B248E4312: monstartup (in /lib64/libc-2.12.so)
==9607==    by 0x401BD0: __gmon_start__ (in /home/ape/.ape/Dev/cvs/ImRoBot5/bas/cgi/bas.fcgi)
==9607==    by 0x3B264038D1: ??? (in /lib64/libresolv-2.12.so)
==9607==    by 0x7FF000781: ???
==9607==    by 0x62623D706F006966: ???
==9607==    by 0x726F7779656B2672: ???
==9607==    by 0xB8E58E9FE53D7363: ???
==9607==    by 0xBABAE48E8CE781: ???
==9607==    by 0x3D4543494C535F46: ???
==9607==    by 0x6D2D737961776C60: ???
==9607==    by 0x5F4700636F6C6C60: ???
==9607==    by 0x63673D4755424543: ???
==9607==    by 0x6C646E656972662C: ???
==9607==    by 0x47414C46444C0078: ???
==9607==    by 0x4F2D2033672D3D52: ???
==9607==    by 0x206C6C61572D202F: ???
==9607==    by 0x4D5245540067702C: ???
==9607==    by 0x53006D726574783C: ???
==9607==    by 0x69622F3D4C4C4547: ???
==9607== 
==9607== LEAK SUMMARY:
==9607==    definitely lost: 0 bytes in 0 blocks
==9607==    indirectly lost: 0 bytes in 0 blocks
==9607==      possibly lost: 0 bytes in 0 blocks
==9607==    still reachable: 29,204 bytes in 3 blocks
==9607==         suppressed: 0 bytes in 0 blocks
==9607== 
==9607== For counts of detected and suppressed errors, rerun with: -v
==9607== Use --track-origins=yes to see where uninitialised values come from
==9607== ERROR SUMMARY: 99 errors from 60 contexts (suppressed: 7 from 7)
